/var/spool/slurm/slurmd/state/job62912218/slurm_script: line 8: workon: command not found
Traceback (most recent call last):
  File "render.py", line 18, in <module>
    import torchvision
  File "/cluster/project/hilliges/mbressieux/.virtualenvs/Def3DGS/lib64/python3.8/site-packages/torchvision/__init__.py", line 5, in <module>
    from torchvision import datasets, io, models, ops, transforms, utils
  File "/cluster/project/hilliges/mbressieux/.virtualenvs/Def3DGS/lib64/python3.8/site-packages/torchvision/datasets/__init__.py", line 1, in <module>
    from ._optical_flow import FlyingChairs, FlyingThings3D, HD1K, KittiFlow, Sintel
  File "/cluster/project/hilliges/mbressieux/.virtualenvs/Def3DGS/lib64/python3.8/site-packages/torchvision/datasets/_optical_flow.py", line 12, in <module>
    from .utils import _read_pfm, verify_str_arg
  File "/cluster/project/hilliges/mbressieux/.virtualenvs/Def3DGS/lib64/python3.8/site-packages/torchvision/datasets/utils.py", line 22, in <module>
    import requests
  File "/cluster/project/hilliges/mbressieux/.virtualenvs/Def3DGS/lib64/python3.8/site-packages/requests/__init__.py", line 43, in <module>
    import urllib3
  File "/cluster/project/hilliges/mbressieux/.virtualenvs/Def3DGS/lib64/python3.8/site-packages/urllib3/__init__.py", line 42, in <module>
    raise ImportError(
ImportError: urllib3 v2 only supports OpenSSL 1.1.1+, currently the 'ssl' module is compiled with 'OpenSSL 1.0.2k-fips  26 Jan 2017'. See: https://github.com/urllib3/urllib3/issues/2168
Traceback (most recent call last):
  File "metrics.py", line 16, in <module>
    import torchvision.transforms.functional as tf
  File "/cluster/project/hilliges/mbressieux/.virtualenvs/Def3DGS/lib64/python3.8/site-packages/torchvision/__init__.py", line 5, in <module>
    from torchvision import datasets, io, models, ops, transforms, utils
  File "/cluster/project/hilliges/mbressieux/.virtualenvs/Def3DGS/lib64/python3.8/site-packages/torchvision/datasets/__init__.py", line 1, in <module>
    from ._optical_flow import FlyingChairs, FlyingThings3D, HD1K, KittiFlow, Sintel
  File "/cluster/project/hilliges/mbressieux/.virtualenvs/Def3DGS/lib64/python3.8/site-packages/torchvision/datasets/_optical_flow.py", line 12, in <module>
    from .utils import _read_pfm, verify_str_arg
  File "/cluster/project/hilliges/mbressieux/.virtualenvs/Def3DGS/lib64/python3.8/site-packages/torchvision/datasets/utils.py", line 22, in <module>
    import requests
  File "/cluster/project/hilliges/mbressieux/.virtualenvs/Def3DGS/lib64/python3.8/site-packages/requests/__init__.py", line 43, in <module>
    import urllib3
  File "/cluster/project/hilliges/mbressieux/.virtualenvs/Def3DGS/lib64/python3.8/site-packages/urllib3/__init__.py", line 42, in <module>
    raise ImportError(
ImportError: urllib3 v2 only supports OpenSSL 1.1.1+, currently the 'ssl' module is compiled with 'OpenSSL 1.0.2k-fips  26 Jan 2017'. See: https://github.com/urllib3/urllib3/issues/2168
